[2016-05-23 16:10:03] myapp.INFO: Matched route "install_step5". {"route_parameters":{"_controller":"\\Eccube\\Controller\\Install\\InstallController::step5","_route":"install_step5"},"request_uri":"http://localhost:8030/html/install.php/step5"} []
[2016-05-23 16:10:03] myapp.INFO: Matched route "install". {"route_parameters":{"_controller":"\\Eccube\\Controller\\Install\\InstallController::index","_route":"install"},"request_uri":"http://localhost:8030/html/install.php/"} []
[2016-05-23 16:10:03] myapp.INFO: > GET /html/install.php/step5 [] []
[2016-05-23 16:10:03] myapp.INFO: > GET /html/install.php [] []
[2016-05-23 16:10:04] myapp.INFO: < 302 http://localhost:8030/html/install.php/step1 [] []
[2016-05-23 16:10:04] myapp.INFO: Matched route "install_step1". {"route_parameters":{"_controller":"\\Eccube\\Controller\\Install\\InstallController::step1","_route":"install_step1"},"request_uri":"http://localhost:8030/html/install.php/step1"} []
[2016-05-23 16:10:04] myapp.INFO: > GET /html/install.php/step1 [] []
[2016-05-23 16:10:09] myapp.INFO: < 200 [] []
[2016-05-23 16:10:09] myapp.INFO: < 200 [] []
[2016-05-23 16:10:13] myapp.INFO: Matched route "install_step1". {"route_parameters":{"_controller":"\\Eccube\\Controller\\Install\\InstallController::step1","_route":"install_step1"},"request_uri":"http://localhost:8030/html/install.php/step1"} []
[2016-05-23 16:10:13] myapp.INFO: > POST /html/install.php/step1 [] []
[2016-05-23 16:10:13] myapp.INFO: < 302 http://localhost:8030/html/install.php/step2 [] []
[2016-05-23 16:10:13] myapp.INFO: Matched route "install_step2". {"route_parameters":{"_controller":"\\Eccube\\Controller\\Install\\InstallController::step2","_route":"install_step2"},"request_uri":"http://localhost:8030/html/install.php/step2"} []
[2016-05-23 16:10:13] myapp.INFO: > GET /html/install.php/step2 [] []
[2016-05-23 16:10:14] myapp.INFO: < 200 [] []
[2016-05-23 16:10:16] myapp.INFO: Matched route "install_step3". {"route_parameters":{"_controller":"\\Eccube\\Controller\\Install\\InstallController::step3","_route":"install_step3"},"request_uri":"http://localhost:8030/html/install.php/step3"} []
[2016-05-23 16:10:16] myapp.INFO: > GET /html/install.php/step3 [] []
[2016-05-23 16:10:28] myapp.INFO: Matched route "install_step3". {"route_parameters":{"_controller":"\\Eccube\\Controller\\Install\\InstallController::step3","_route":"install_step3"},"request_uri":"http://localhost:8030/html/install.php/step3"} []
[2016-05-23 16:11:17] myapp.CRITICAL: Doctrine\DBAL\Exception\DriverException: An exception occured in driver: ORA-12170: TNS:Connect timeout occurred (uncaught exception) at /Applications/MAMP/htdocs/eccube-3.0.9 2/vendor/doctrine/dbal/lib/Doctrine/DBAL/Driver/AbstractOracleDriver.php line 76 {"exception":"[object] (Doctrine\\DBAL\\Exception\\DriverException(code: 0): An exception occured in driver: ORA-12170: TNS:Connect timeout occurred at /Applications/MAMP/htdocs/eccube-3.0.9 2/vendor/doctrine/dbal/lib/Doctrine/DBAL/Driver/AbstractOracleDriver.php:76, Doctrine\\DBAL\\Driver\\OCI8\\OCI8Exception(code: 0): ORA-12170: TNS:Connect timeout occurred at /Applications/MAMP/htdocs/eccube-3.0.9 2/vendor/doctrine/dbal/lib/Doctrine/DBAL/Driver/OCI8/OCI8Exception.php:33)"} []
[2016-05-23 16:11:17] myapp.INFO: < 500 [] []
[2016-05-23 16:11:17] myapp.INFO: > GET /html/install.php/step3 [] []
[2016-05-23 16:12:18] myapp.CRITICAL: Doctrine\DBAL\Exception\DriverException: An exception occured in driver: ORA-12170: TNS:Connect timeout occurred (uncaught exception) at /Applications/MAMP/htdocs/eccube-3.0.9 2/vendor/doctrine/dbal/lib/Doctrine/DBAL/Driver/AbstractOracleDriver.php line 76 {"exception":"[object] (Doctrine\\DBAL\\Exception\\DriverException(code: 0): An exception occured in driver: ORA-12170: TNS:Connect timeout occurred at /Applications/MAMP/htdocs/eccube-3.0.9 2/vendor/doctrine/dbal/lib/Doctrine/DBAL/Driver/AbstractOracleDriver.php:76, Doctrine\\DBAL\\Driver\\OCI8\\OCI8Exception(code: 0): ORA-12170: TNS:Connect timeout occurred at /Applications/MAMP/htdocs/eccube-3.0.9 2/vendor/doctrine/dbal/lib/Doctrine/DBAL/Driver/OCI8/OCI8Exception.php:33)"} []
[2016-05-23 16:12:18] myapp.INFO: < 500 [] []
